A vector: 
-----------------------------------------------------------
|382 |885 |776 |914 |792 |334 |385 |491 |648 |420 
|361 | 26 |689 | 58 |762 |925 |539 |425 |171 |735 
|210 |367 |566 |428 |781 |529 |861 |122 | 66 |134 
|928 |801 | 21 | 57 | 68 |166 |392 |455 | 10 | 41 
|228 |372 |420 |918 |783 |536 |197 |323 |314 |369 
|412 |525 | 90 |979 |955 |872 |861 |169 |995 |280 
|304 |924 | 83 |326 |335 |504 |845 |728 |312 |856 
|123 |894 |581 |544 |813 |366 |433 |363 | 42 |749 
| 86 |807 |275 |177 |787 |583 |402 |650 |753 |398 
|931 | 59 |675 |367 |738 | 11 |225 |585 | 93 |538 
|794 |569 |433 |377 |466 |600 | 96 |901 |316 |491 
|651 |755 |300 |279 |285 |440 |864 |688 |443 |618 
|439 |728 | 30 |116 | 96 |770 |480 |674 |708 |926 
|566 |855 |496 |352 |585 |964 |305 |682 |218 |623 
|527 |870 |731 |828 |502 | 18 |269 |367 |707 |714 
|339 |148 |795 |722 |617 |244 |845 |450 |920 |554 
|378 |487 |763 |227 |840 |349 |192 |499 | 33 |763 
|123 |913 |986 |855 |742 |490 |226 |364 |858 |935 
|431 |550 |436 |227 |274 |406 |473 |120 |857 |394 
| 28 |236 |234 |792 |817 |427 |142 | 10 |927 |528 
-----------------------------------------------------------

A sorted: 
-----------------------------------------------------------
| 10 | 10 | 11 | 18 | 21 | 26 | 28 | 30 | 33 | 41 
| 42 | 57 | 58 | 59 | 66 | 68 | 83 | 86 | 90 | 93 
| 96 | 96 |116 |120 |122 |123 |123 |134 |142 |148 
|166 |169 |171 |177 |192 |197 |210 |218 |225 |226 
|227 |227 |228 |234 |236 |244 |269 |274 |275 |279 
|280 |285 |300 |304 |305 |312 |314 |316 |323 |326 
|334 |335 |339 |349 |352 |361 |363 |364 |366 |367 
|367 |367 |369 |372 |377 |378 |382 |385 |392 |394 
|398 |402 |406 |412 |420 |420 |425 |427 |428 |431 
|433 |433 |436 |439 |440 |443 |450 |455 |466 |473 
|480 |487 |490 |491 |491 |496 |499 |502 |504 |525 
|527 |528 |529 |536 |538 |539 |544 |550 |554 |566 
|566 |569 |581 |583 |585 |585 |600 |617 |618 |623 
|648 |650 |651 |674 |675 |682 |688 |689 |707 |708 
|714 |722 |728 |728 |731 |735 |738 |742 |749 |753 
|755 |762 |763 |763 |770 |776 |781 |783 |787 |792 
|792 |794 |795 |801 |807 |813 |817 |828 |840 |845 
|845 |855 |855 |856 |857 |858 |861 |861 |864 |870 
|872 |885 |894 |901 |913 |914 |918 |920 |924 |925 
|926 |927 |928 |931 |935 |955 |964 |979 |986 |995 
-----------------------------------------------------------

B vector: 
-----------------------------------------------------------
|745 |984 |167 |439 |424 |939 | 71 |375 |800 |263 
|857 |923 |392 |738 |601 |840 |263 |974 |200 |894 
|514 |141 |437 |257 |272 |646 |884 |936 |467 |797 
|453 |213 |135 |973 |  5 |560 |914 | 77 |289 | 67 
|693 |147 |991 | 86 |887 |946 |280 |151 |921 |481 
|398 |788 |623 |836 | 47 |896 |835 |284 |185 |303 
|434 |640 |870 |570 |966 |876 |132 |881 |307 |422 
|949 |  1 |922 |294 | 89 |810 |241 |370 |314 |515 
|852 | 65 |305 |476 |903 |705 |725 |739 |990 |912 
|396 |425 |905 |267 |997 |872 |144 |482 |755 |804 
-----------------------------------------------------------
B vector sorted: 
-----------------------------------------------------------
|  1 |  5 | 47 | 65 | 67 | 71 | 77 | 86 | 89 |132 
|135 |141 |144 |147 |151 |167 |185 |200 |213 |241 
|257 |263 |263 |267 |272 |280 |284 |289 |294 |303 
|305 |307 |314 |370 |375 |392 |396 |398 |422 |424 
|425 |434 |437 |439 |453 |467 |476 |481 |482 |514 
|515 |560 |570 |601 |623 |640 |646 |693 |705 |725 
|738 |739 |745 |755 |788 |797 |800 |804 |810 |835 
|836 |840 |852 |857 |870 |872 |876 |881 |884 |887 
|894 |896 |903 |905 |912 |914 |921 |922 |923 |936 
|939 |946 |949 |966 |973 |974 |984 |990 |991 |997 
-----------------------------------------------------------
Linear Search: Percent of Successful searches = 20.00%
Binary Search: Percent of Successful searches = 20.00%
